<?xml version="1.0" encoding="UTF-8"?>
<!-- Generated by org.testng.reporters.JUnitReportReporter -->
<testsuite hostname="E5530-2340" name="com.test1.tests.RTestChrome" tests="5" failures="0" timestamp="19 Jul 2016 15:12:56 GMT" time="83.957" errors="0">
  <testcase name="testSuccessfulLogIn" time="13.719" classname="com.test1.tests.RTestChrome"/>
  <testcase name="testSuccessfulLogIn" time="14.373" classname="com.test1.tests.RTestChrome"/>
  <testcase name="testSuccessfulLogIn" time="18.811" classname="com.test1.tests.RTestChrome"/>
  <testcase name="testSuccessfulLogOut" time="21.612" classname="com.test1.tests.RTestChrome"/>
  <testcase name="testSuccessfulLogIn" time="15.442" classname="com.test1.tests.RTestChrome"/>
</testsuite> <!-- com.test1.tests.RTestChrome -->
