<?xml version="1.0" encoding="UTF-8"?>
<!-- Generated by org.testng.reporters.JUnitReportReporter -->
<testsuite hostname="E5530-2340" name="com.test1.tests.RTestChrome" tests="4" failures="0" timestamp="17 Jun 2016 12:29:21 GMT" time="71.946" errors="0">
  <testcase name="testSuccessfulLogIn" time="20.851" classname="com.test1.tests.RTestChrome"/>
  <testcase name="testSuccessfulIssuesFileDownLoad" time="13.892" classname="com.test1.tests.RTestChrome"/>
  <testcase name="testSuccessfulLogOut" time="15.893" classname="com.test1.tests.RTestChrome"/>
  <testcase name="testSuccessfulSumSheetDownLoadFiref" time="21.310" classname="com.test1.tests.RTestChrome"/>
</testsuite> <!-- com.test1.tests.RTestChrome -->
