<?xml version="1.0" encoding="UTF-8"?>
<!-- Generated by org.testng.reporters.JUnitReportReporter -->
<testsuite hostname="E5530-2340" name="com.test1.tests.RTestChrome" tests="24" failures="0" timestamp="15 Jul 2016 15:01:29 GMT" time="797.256" errors="0">
  <testcase name="testSuccessfulLogIn" time="14.180" classname="com.test1.tests.RTestChrome"/>
  <testcase name="testSuccessfulSumSheetDownLoadFiref" time="19.230" classname="com.test1.tests.RTestChrome"/>
  <testcase name="testSuccessfulNewUserCreationDBcheck" time="32.109" classname="com.test1.tests.RTestChrome"/>
  <testcase name="testSuccessfulNewUserCreationDBcheck" time="32.664" classname="com.test1.tests.RTestChrome"/>
  <testcase name="testSuccessfulAdminAddAttachment" time="51.234" classname="com.test1.tests.RTestChrome"/>
  <testcase name="testSuccessfulAdminAddAttachment" time="52.678" classname="com.test1.tests.RTestChrome"/>
  <testcase name="testSuccessfulLogIn" time="17.594" classname="com.test1.tests.RTestChrome"/>
  <testcase name="testSuccessfulImportFileToClient" time="39.557" classname="com.test1.tests.RTestChrome"/>
  <testcase name="testSuccessfulLogIn" time="12.812" classname="com.test1.tests.RTestChrome"/>
  <testcase name="testSuccessfulNewClientCreationDBcheck" time="28.378" classname="com.test1.tests.RTestChrome"/>
  <testcase name="testSuccessfulAddAttachmentDBcheck" time="39.183" classname="com.test1.tests.RTestChrome"/>
  <testcase name="testSuccessfulNewClientCreation" time="30.875" classname="com.test1.tests.RTestChrome"/>
  <testcase name="testSuccessfulImportFileToClient" time="39.932" classname="com.test1.tests.RTestChrome"/>
  <testcase name="testSuccessfulLogOut" time="15.867" classname="com.test1.tests.RTestChrome"/>
  <testcase name="testSuccessfulNewUserCreate" time="37.174" classname="com.test1.tests.RTestChrome"/>
  <testcase name="testSuccessfulAddAttachmentDBcheck" time="39.386" classname="com.test1.tests.RTestChrome"/>
  <testcase name="testSuccessfulAdminAddAttachment" time="52.303" classname="com.test1.tests.RTestChrome"/>
  <testcase name="testSuccessfulNewClientCreationDBcheck" time="27.736" classname="com.test1.tests.RTestChrome"/>
  <testcase name="testSuccessfulNewAdminUserCreationDBcheck" time="39.119" classname="com.test1.tests.RTestChrome"/>
  <testcase name="testSuccessfulAddAttachmentDBcheck" time="40.585" classname="com.test1.tests.RTestChrome"/>
  <testcase name="testSuccessfulAdminAddAttachment" time="51.313" classname="com.test1.tests.RTestChrome"/>
  <testcase name="testSuccessfulLogIn" time="11.778" classname="com.test1.tests.RTestChrome"/>
  <testcase name="testSuccessfulNewUserCreate" time="40.374" classname="com.test1.tests.RTestChrome"/>
  <testcase name="testSuccessfulNewClientCreation" time="31.195" classname="com.test1.tests.RTestChrome"/>
</testsuite> <!-- com.test1.tests.RTestChrome -->
