<?xml version="1.0" encoding="UTF-8"?>
<!-- Generated by org.testng.reporters.JUnitReportReporter -->
<testsuite hostname="E5530-2340" name="com.test1.tests.RTestChrome" tests="23" failures="0" timestamp="6 Jul 2016 15:14:54 GMT" time="753.976" errors="1">
  <testcase name="testSuccessfulSumSheetDownLoadFiref" time="19.564" classname="com.test1.tests.RTestChrome"/>
  <testcase name="testSuccessfulImportFileToClient" time="41.365" classname="com.test1.tests.RTestChrome"/>
  <testcase name="testSuccessfulNewUserCreationDBcheck" time="32.120" classname="com.test1.tests.RTestChrome"/>
  <testcase name="testSuccessfulNewUserCreate" time="36.378" classname="com.test1.tests.RTestChrome"/>
  <testcase name="testSuccessfulImportFileToClient" time="39.731" classname="com.test1.tests.RTestChrome"/>
  <testcase name="testSuccessfulNewUserCreationDBcheck" time="32.462" classname="com.test1.tests.RTestChrome"/>
  <testcase name="testSuccessfulLogIn" time="11.511" classname="com.test1.tests.RTestChrome"/>
  <testcase name="testSuccessfulAdminAddAttachment" time="52.432" classname="com.test1.tests.RTestChrome"/>
  <testcase name="testSuccessfulAddAttachmentDBcheck" time="40.767" classname="com.test1.tests.RTestChrome"/>
  <testcase name="testSuccessfulAdminAddAttachment" time="51.690" classname="com.test1.tests.RTestChrome"/>
  <testcase name="testSuccessfulAdminAddAttachment" time="51.122" classname="com.test1.tests.RTestChrome"/>
  <testcase name="testSuccessfulLogIn" time="11.668" classname="com.test1.tests.RTestChrome"/>
  <testcase name="testSuccessfulNewUserCreate" time="36.735" classname="com.test1.tests.RTestChrome"/>
  <testcase name="testSuccessfulAdminAddAttachment" time="51.727" classname="com.test1.tests.RTestChrome"/>
  <testcase name="testSuccessfulAddAttachmentDBcheck" time="40.653" classname="com.test1.tests.RTestChrome"/>
  <testcase name="testSuccessfulNewClientCreation" time="29.591" classname="com.test1.tests.RTestChrome"/>
  <testcase name="testSuccessfulNewClientCreationDBcheck" time="31.535" classname="com.test1.tests.RTestChrome"/>
  <testcase name="testSuccessfulLogIn" time="11.629" classname="com.test1.tests.RTestChrome"/>
  <testcase name="testSuccessfulAddAttachmentDBcheck" time="39.749" classname="com.test1.tests.RTestChrome"/>
  <testcase name="testSuccessfulLogIn" time="11.707" classname="com.test1.tests.RTestChrome"/>
  <testcase name="testSuccessfulLogOut" time="20.849" classname="com.test1.tests.RTestChrome">
    <error type="org.openqa.selenium.NoSuchElementException" message="no such element: Unable to locate element: {&quot;method&quot;:&quot;css selector&quot;,&quot;selector&quot;:&quot;a.log-out-link&quot;}
  (Session info: chrome=51.0.2704.103)
  (Driver info: chromedriver=2.20.353145 (343b531d31eeb933ec778dbcf7081628a1396067),platform=Windows NT 6.1 SP1 x86_64) (WARNING: The server did not provide any stacktrace information)
Command duration or timeout: 10.06 seconds
For documentation on this error, please visit: http://seleniumhq.org/exceptions/no_such_element.html
Build info: version: &#039;2.48.2&#039;, revision: &#039;41bccdd&#039;, time: &#039;2015-10-09 19:59:12&#039;
System info: host: &#039;E5530-2340&#039;, ip: &#039;10.0.0.84&#039;, os.name: &#039;Windows 7&#039;, os.arch: &#039;amd64&#039;, os.version: &#039;6.1&#039;, java.version: &#039;1.8.0_66&#039;
Driver info: org.openqa.selenium.chrome.ChromeDriver
Capabilities [{applicationCacheEnabled=false, rotatable=false, mobileEmulationEnabled=false, chrome={userDataDir=C:\Users\jslee\AppData\Local\Temp\scoped_dir2088_31921}, takesHeapSnapshot=true, databaseEnabled=false, handlesAlerts=true, hasTouchScreen=false, version=51.0.2704.103, platform=XP, browserConnectionEnabled=false, nativeEvents=true, acceptSslCerts=true, locationContextEnabled=true, webStorageEnabled=true, browserName=chrome, takesScreenshot=true, javascriptEnabled=true, cssSelectorsEnabled=true}]
Session ID: 08d16cfad0f77122461798089aeff270
*** Element info: {Using=css selector, value=a.log-out-link}">
      <![CDATA[org.openqa.selenium.NoSuchElementException: no such element: Unable to locate element: {"method":"css selector","selector":"a.log-out-link"}
  (Session info: chrome=51.0.2704.103)
  (Driver info: chromedriver=2.20.353145 (343b531d31eeb933ec778dbcf7081628a1396067),platform=Windows NT 6.1 SP1 x86_64) (WARNING: The server did not provide any stacktrace information)
Command duration or timeout: 10.06 seconds
For documentation on this error, please visit: http://seleniumhq.org/exceptions/no_such_element.html
Build info: version: '2.48.2', revision: '41bccdd', time: '2015-10-09 19:59:12'
System info: host: 'E5530-2340', ip: '10.0.0.84', os.name: 'Windows 7', os.arch: 'amd64', os.version: '6.1', java.version: '1.8.0_66'
Driver info: org.openqa.selenium.chrome.ChromeDriver
Capabilities [{applicationCacheEnabled=false, rotatable=false, mobileEmulationEnabled=false, chrome={userDataDir=C:\Users\jslee\AppData\Local\Temp\scoped_dir2088_31921}, takesHeapSnapshot=true, databaseEnabled=false, handlesAlerts=true, hasTouchScreen=false, version=51.0.2704.103, platform=XP, browserConnectionEnabled=false, nativeEvents=true, acceptSslCerts=true, locationContextEnabled=true, webStorageEnabled=true, browserName=chrome, takesScreenshot=true, javascriptEnabled=true, cssSelectorsEnabled=true}]
Session ID: 08d16cfad0f77122461798089aeff270
*** Element info: {Using=css selector, value=a.log-out-link}
	at sun.reflect.NativeConstructorAccessorImpl.newInstance0(Native Method)
	at sun.reflect.NativeConstructorAccessorImpl.newInstance(NativeConstructorAccessorImpl.java:62)
	at sun.reflect.DelegatingConstructorAccessorImpl.newInstance(DelegatingConstructorAccessorImpl.java:45)
	at java.lang.reflect.Constructor.newInstance(Constructor.java:422)
	at org.openqa.selenium.remote.ErrorHandler.createThrowable(ErrorHandler.java:206)
	at org.openqa.selenium.remote.ErrorHandler.throwIfResponseFailed(ErrorHandler.java:158)
	at org.openqa.selenium.remote.RemoteWebDriver.execute(RemoteWebDriver.java:647)
	at org.openqa.selenium.remote.RemoteWebDriver.findElement(RemoteWebDriver.java:353)
	at org.openqa.selenium.remote.RemoteWebDriver.findElementByCssSelector(RemoteWebDriver.java:482)
	at org.openqa.selenium.By$ByCssSelector.findElement(By.java:430)
	at org.openqa.selenium.remote.RemoteWebDriver.findElement(RemoteWebDriver.java:345)
	at com.test1.pages.DefaultLoadingPage.logOut(DefaultLoadingPage.java:24)
	at com.test1.tests.RTestChrome.testSuccessfulLogOut(RTestChrome.java:202)
	at sun.reflect.NativeMethodAccessorImpl.invoke0(Native Method)
	at sun.reflect.NativeMethodAccessorImpl.invoke(NativeMethodAccessorImpl.java:62)
	at sun.reflect.DelegatingMethodAccessorImpl.invoke(DelegatingMethodAccessorImpl.java:43)
	at java.lang.reflect.Method.invoke(Method.java:497)
	at org.testng.internal.MethodInvocationHelper.invokeMethod(MethodInvocationHelper.java:85)
	at org.testng.internal.Invoker.invokeMethod(Invoker.java:639)
	at org.testng.internal.Invoker.invokeTestMethod(Invoker.java:821)
	at org.testng.internal.Invoker.invokeTestMethods(Invoker.java:1131)
	at org.testng.internal.TestMethodWorker.invokeTestMethods(TestMethodWorker.java:124)
	at org.testng.internal.TestMethodWorker.run(TestMethodWorker.java:108)
	at org.testng.TestRunner.privateRun(TestRunner.java:773)
	at org.testng.TestRunner.run(TestRunner.java:623)
	at org.testng.SuiteRunner.runTest(SuiteRunner.java:357)
	at org.testng.SuiteRunner.runSequentially(SuiteRunner.java:352)
	at org.testng.SuiteRunner.privateRun(SuiteRunner.java:310)
	at org.testng.SuiteRunner.run(SuiteRunner.java:259)
	at org.testng.SuiteRunnerWorker.runSuite(SuiteRunnerWorker.java:52)
	at org.testng.SuiteRunnerWorker.run(SuiteRunnerWorker.java:86)
	at org.testng.TestNG.runSuitesSequentially(TestNG.java:1185)
	at org.testng.TestNG.runSuitesLocally(TestNG.java:1110)
	at org.testng.TestNG.run(TestNG.java:1018)
	at org.testng.TestNG.privateMain(TestNG.java:1325)
	at org.testng.TestNG.main(TestNG.java:1294)
]]>
    </error>
  </testcase> <!-- testSuccessfulLogOut -->
  <testcase name="testSuccessfulNewClientCreationDBcheck" time="28.479" classname="com.test1.tests.RTestChrome"/>
  <testcase name="testSuccessfulNewClientCreation" time="30.512" classname="com.test1.tests.RTestChrome"/>
</testsuite> <!-- com.test1.tests.RTestChrome -->
