<?xml version="1.0" encoding="UTF-8"?>
<!-- Generated by org.testng.reporters.JUnitReportReporter -->
<testsuite hostname="E5530-2340" name="com.test1.tests.RTestChrome" tests="4" failures="0" timestamp="20 Jul 2016 01:26:24 GMT" time="58.602" errors="0">
  <testcase name="testSuccessfulLogIn" time="15.434" classname="com.test1.tests.RTestChrome"/>
  <testcase name="testSuccessfulLogIn" time="14.577" classname="com.test1.tests.RTestChrome"/>
  <testcase name="testSuccessfulLogIn" time="15.499" classname="com.test1.tests.RTestChrome"/>
  <testcase name="testSuccessfulLogIn" time="13.092" classname="com.test1.tests.RTestChrome"/>
</testsuite> <!-- com.test1.tests.RTestChrome -->
