<?xml version="1.0" encoding="UTF-8"?>
<!-- Generated by org.testng.reporters.JUnitReportReporter -->
<testsuite hostname="E5530-2340" name="com.test1.tests.TestSuccessfulDLIssuesFileFireFox" tests="1" failures="0" timestamp="16 Jun 2016 12:57:01 GMT" time="22.054" errors="0">
  <testcase name="testSuccessfulIssuesFileDownLoadFiref" time="22.054" classname="com.test1.tests.TestSuccessfulDLIssuesFileFireFox"/>
</testsuite> <!-- com.test1.tests.TestSuccessfulDLIssuesFileFireFox -->
