<?xml version="1.0" encoding="UTF-8"?>
<!-- Generated by org.testng.reporters.JUnitReportReporter -->
<testsuite hostname="E5530-2340" name="com.test1.tests.TestSuccessfulAddAttachmentDBcheck" tests="4" failures="0" timestamp="29 Jun 2016 11:19:21 GMT" time="161.423" errors="0">
  <testcase name="testSuccessfulAddAttachmentDBcheck" time="39.931" classname="com.test1.tests.TestSuccessfulAddAttachmentDBcheck"/>
  <testcase name="testSuccessfulAddAttachmentDBcheck" time="42.660" classname="com.test1.tests.TestSuccessfulAddAttachmentDBcheck"/>
  <testcase name="testSuccessfulAddAttachmentDBcheck" time="39.063" classname="com.test1.tests.TestSuccessfulAddAttachmentDBcheck"/>
  <testcase name="testSuccessfulAddAttachmentDBcheck" time="39.769" classname="com.test1.tests.TestSuccessfulAddAttachmentDBcheck"/>
</testsuite> <!-- com.test1.tests.TestSuccessfulAddAttachmentDBcheck -->
