<?xml version="1.0" encoding="UTF-8"?>
<!-- Generated by org.testng.reporters.JUnitReportReporter -->
<testsuite hostname="E5530-2340" name="com.test1.tests.TestSuccessfulNewUserCreation" tests="1" failures="0" timestamp="27 Jun 2016 17:56:55 GMT" time="35.389" errors="0">
  <testcase name="testSuccessfulNewUserCreate" time="35.389" classname="com.test1.tests.TestSuccessfulNewUserCreation"/>
</testsuite> <!-- com.test1.tests.TestSuccessfulNewUserCreation -->
