<?xml version="1.0" encoding="UTF-8"?>
<!-- Generated by org.testng.reporters.JUnitReportReporter -->
<testsuite hostname="E5530-2340" name="com.test1.tests.TestSuccessfulNewClientCreation" tests="2" failures="0" timestamp="30 Jun 2016 17:07:30 GMT" time="60.922" errors="0">
  <testcase name="testSuccessfulNewClientCreation" time="30.111" classname="com.test1.tests.TestSuccessfulNewClientCreation"/>
  <testcase name="testSuccessfulNewClientCreation" time="30.811" classname="com.test1.tests.TestSuccessfulNewClientCreation"/>
</testsuite> <!-- com.test1.tests.TestSuccessfulNewClientCreation -->
