<?xml version="1.0" encoding="UTF-8"?>
<!-- Generated by org.testng.reporters.JUnitReportReporter -->
<testsuite hostname="E5530-2340" name="com.test1.tests.TestSuccessfulDLSumSheetFirefox" tests="1" failures="0" timestamp="17 Jun 2016 19:24:20 GMT" time="23.319" errors="0">
  <testcase name="testSuccessfulSumSheetDownLoadFiref" time="23.319" classname="com.test1.tests.TestSuccessfulDLSumSheetFirefox"/>
</testsuite> <!-- com.test1.tests.TestSuccessfulDLSumSheetFirefox -->
