<?xml version="1.0" encoding="UTF-8"?>
<!-- Generated by org.testng.reporters.JUnitReportReporter -->
<testsuite hostname="E5530-2340" name="com.test1.tests.TestSuccessfulAdminAddAttachment" tests="4" failures="0" timestamp="28 Jun 2016 18:23:33 GMT" time="207.765" errors="0">
  <testcase name="testSuccessfulAdminAddAttachment" time="52.243" classname="com.test1.tests.TestSuccessfulAdminAddAttachment"/>
  <testcase name="testSuccessfulAdminAddAttachment" time="51.491" classname="com.test1.tests.TestSuccessfulAdminAddAttachment"/>
  <testcase name="testSuccessfulAdminAddAttachment" time="52.774" classname="com.test1.tests.TestSuccessfulAdminAddAttachment"/>
  <testcase name="testSuccessfulAdminAddAttachment" time="51.257" classname="com.test1.tests.TestSuccessfulAdminAddAttachment"/>
</testsuite> <!-- com.test1.tests.TestSuccessfulAdminAddAttachment -->
