<?xml version="1.0" encoding="UTF-8"?>
<!-- Generated by org.testng.reporters.JUnitReportReporter -->
<testsuite hostname="E5530-2340" name="com.test1.tests.TestSuccessfulLogIn" tests="4" failures="0" timestamp="9 Jul 2016 03:44:11 GMT" time="55.609" errors="0">
  <testcase name="testSuccessfulLogIn" time="13.560" classname="com.test1.tests.TestSuccessfulLogIn"/>
  <testcase name="testSuccessfulLogIn" time="16.552" classname="com.test1.tests.TestSuccessfulLogIn"/>
  <testcase name="testSuccessfulLogIn" time="13.928" classname="com.test1.tests.TestSuccessfulLogIn"/>
  <testcase name="testSuccessfulLogIn" time="11.569" classname="com.test1.tests.TestSuccessfulLogIn"/>
</testsuite> <!-- com.test1.tests.TestSuccessfulLogIn -->
