<?xml version="1.0" encoding="UTF-8"?>
<!-- Generated by org.testng.reporters.JUnitReportReporter -->
<testsuite hostname="E5530-2340" name="com.test1.tests.TestSuccessfulAddAttachmentDBcheck" tests="4" failures="0" timestamp="28 Jun 2016 18:07:45 GMT" time="164.653" errors="0">
  <testcase name="testSuccessfulAddAttachmentDBcheck" time="40.094" classname="com.test1.tests.TestSuccessfulAddAttachmentDBcheck"/>
  <testcase name="testSuccessfulAddAttachmentDBcheck" time="44.001" classname="com.test1.tests.TestSuccessfulAddAttachmentDBcheck"/>
  <testcase name="testSuccessfulAddAttachmentDBcheck" time="39.946" classname="com.test1.tests.TestSuccessfulAddAttachmentDBcheck"/>
  <testcase name="testSuccessfulAddAttachmentDBcheck" time="40.612" classname="com.test1.tests.TestSuccessfulAddAttachmentDBcheck"/>
</testsuite> <!-- com.test1.tests.TestSuccessfulAddAttachmentDBcheck -->
