<?xml version="1.0" encoding="UTF-8"?>
<!-- Generated by org.testng.reporters.JUnitReportReporter -->
<testsuite hostname="E5530-2340" name="com.test1.tests.RTestChrome" tests="4" failures="0" timestamp="17 Jun 2016 10:44:13 GMT" time="65.204" errors="0">
  <testcase name="testSuccessfulLogIn" time="12.879" classname="com.test1.tests.RTestChrome"/>
  <testcase name="testSuccessfulLogOut" time="15.742" classname="com.test1.tests.RTestChrome"/>
  <testcase name="testSuccessfulSumSheetDownLoadFiref" time="22.894" classname="com.test1.tests.RTestChrome"/>
  <testcase name="testSuccessfulIssuesFileDownLoad" time="13.689" classname="com.test1.tests.RTestChrome"/>
</testsuite> <!-- com.test1.tests.RTestChrome -->
