<?xml version="1.0" encoding="UTF-8"?>
<!-- Generated by org.testng.reporters.JUnitReportReporter -->
<testsuite hostname="E5530-2340" name="com.test1.tests.TestSuccessfulLogIn" tests="5" failures="0" timestamp="28 Jun 2016 14:46:34 GMT" time="58.163" errors="0">
  <testcase name="testSuccessfulLogIn" time="10.795" classname="com.test1.tests.TestSuccessfulLogIn"/>
  <testcase name="testSuccessfulLogIn" time="11.690" classname="com.test1.tests.TestSuccessfulLogIn"/>
  <testcase name="testSuccessfulLogIn" time="12.957" classname="com.test1.tests.TestSuccessfulLogIn"/>
  <testcase name="testSuccessfulLogIn" time="11.474" classname="com.test1.tests.TestSuccessfulLogIn"/>
  <testcase name="testSuccessfulLogIn" time="11.247" classname="com.test1.tests.TestSuccessfulLogIn"/>
</testsuite> <!-- com.test1.tests.TestSuccessfulLogIn -->
