<?xml version="1.0" encoding="UTF-8"?>
<!-- Generated by org.testng.reporters.JUnitReportReporter -->
<testsuite hostname="E5530-2340" name="com.test1.tests.TestSuccessfulLogIn" tests="1" failures="0" timestamp="16 Jun 2016 13:40:12 GMT" time="18.262" errors="0">
  <testcase name="testSuccessfulLogIn" time="18.262" classname="com.test1.tests.TestSuccessfulLogIn"/>
</testsuite> <!-- com.test1.tests.TestSuccessfulLogIn -->
