<?xml version="1.0" encoding="UTF-8"?>
<!-- Generated by org.testng.reporters.JUnitReportReporter -->
<testsuite hostname="E5530-2340" name="com.test1.tests.TestSuccessfulDLSumSheetFirefox" tests="1" failures="0" timestamp="17 Jun 2016 00:10:06 GMT" time="18.770" errors="0">
  <testcase name="testSuccessfulSumSheetDownLoadFiref" time="18.770" classname="com.test1.tests.TestSuccessfulDLSumSheetFirefox"/>
</testsuite> <!-- com.test1.tests.TestSuccessfulDLSumSheetFirefox -->
