<?xml version="1.0" encoding="UTF-8"?>
<!-- Generated by org.testng.reporters.JUnitReportReporter -->
<testsuite hostname="E5530-2340" name="com.test1.tests.TestSuccessfulLogIn" tests="4" failures="0" timestamp="20 Jul 2016 01:12:49 GMT" time="70.423" errors="0">
  <testcase name="testSuccessfulLogIn" time="16.235" classname="com.test1.tests.TestSuccessfulLogIn"/>
  <testcase name="testSuccessfulLogIn" time="23.002" classname="com.test1.tests.TestSuccessfulLogIn"/>
  <testcase name="testSuccessfulLogIn" time="14.390" classname="com.test1.tests.TestSuccessfulLogIn"/>
  <testcase name="testSuccessfulLogIn" time="16.796" classname="com.test1.tests.TestSuccessfulLogIn"/>
</testsuite> <!-- com.test1.tests.TestSuccessfulLogIn -->
