<?xml version="1.0" encoding="UTF-8"?>
<!-- Generated by org.testng.reporters.JUnitReportReporter -->
<testsuite hostname="E5530-2340" name="com.test1.tests.TestSuccessfulDLIssuesFileFireFox" tests="1" failures="0" timestamp="17 Jun 2016 14:52:00 GMT" time="21.976" errors="0">
  <testcase name="testSuccessfulIssuesFileDownLoadFiref" time="21.976" classname="com.test1.tests.TestSuccessfulDLIssuesFileFireFox"/>
</testsuite> <!-- com.test1.tests.TestSuccessfulDLIssuesFileFireFox -->
