<?xml version="1.0" encoding="UTF-8"?>
<!-- Generated by org.testng.reporters.JUnitReportReporter -->
<testsuite hostname="E5530-2340" name="com.test1.tests.TestSuccessfulImportFileToClient" tests="1" failures="0" timestamp="1 Jul 2016 15:40:08 GMT" time="56.644" errors="0">
  <testcase name="testSuccessfulImportFileToClient" time="56.644" classname="com.test1.tests.TestSuccessfulImportFileToClient"/>
</testsuite> <!-- com.test1.tests.TestSuccessfulImportFileToClient -->
