<?xml version="1.0" encoding="UTF-8"?>
<!-- Generated by org.testng.reporters.JUnitReportReporter -->
<testsuite hostname="E5530-2340" name="com.test1.tests.TestSuccessfulAddSaleDates" tests="1" failures="0" timestamp="18 Jul 2016 15:01:40 GMT" time="227.020" errors="0">
  <testcase name="testSuccessfulAddSaleDates" time="227.020" classname="com.test1.tests.TestSuccessfulAddSaleDates"/>
</testsuite> <!-- com.test1.tests.TestSuccessfulAddSaleDates -->
