<?xml version="1.0" encoding="UTF-8"?>
<!-- Generated by org.testng.reporters.JUnitReportReporter -->
<testsuite hostname="E5530-2340" name="com.test1.tests.RTestChrome" tests="4" failures="0" timestamp="19 Jun 2016 19:54:28 GMT" time="79.187" errors="0">
  <testcase name="testSuccessfulLogIn" time="28.475" classname="com.test1.tests.RTestChrome"/>
  <testcase name="testSuccessfulLogOut" time="15.751" classname="com.test1.tests.RTestChrome"/>
  <testcase name="testSuccessfulSumSheetDownLoadFiref" time="21.835" classname="com.test1.tests.RTestChrome"/>
  <testcase name="testSuccessfulIssuesFileDownLoad" time="13.126" classname="com.test1.tests.RTestChrome"/>
</testsuite> <!-- com.test1.tests.RTestChrome -->
