<?xml version="1.0" encoding="UTF-8"?>
<!-- Generated by org.testng.reporters.JUnitReportReporter -->
<testsuite hostname="E5530-2340" name="com.test1.tests.TestSuccessfulAdminAddAttachment" tests="2" failures="0" timestamp="28 Jun 2016 17:04:53 GMT" time="103.917" errors="0">
  <testcase name="testSuccessfulAdminAddAttachment" time="51.284" classname="com.test1.tests.TestSuccessfulAdminAddAttachment"/>
  <testcase name="testSuccessfulAdminAddAttachment" time="52.633" classname="com.test1.tests.TestSuccessfulAdminAddAttachment"/>
</testsuite> <!-- com.test1.tests.TestSuccessfulAdminAddAttachment -->
