<?xml version="1.0" encoding="UTF-8"?>
<!-- Generated by org.testng.reporters.JUnitReportReporter -->
<testsuite hostname="E5530-2340" name="com.test1.tests.TestSuccessfulUserCreationDBCheck" tests="3" failures="0" timestamp="5 Jul 2016 17:35:08 GMT" time="98.783" errors="0">
  <testcase name="testSuccessfulNewUserCreationDBcheck" time="32.214" classname="com.test1.tests.TestSuccessfulUserCreationDBCheck"/>
  <testcase name="testSuccessfulNewUserCreationDBcheck" time="34.022" classname="com.test1.tests.TestSuccessfulUserCreationDBCheck"/>
  <testcase name="testSuccessfulNewUserCreationDBcheck" time="32.547" classname="com.test1.tests.TestSuccessfulUserCreationDBCheck"/>
</testsuite> <!-- com.test1.tests.TestSuccessfulUserCreationDBCheck -->
