<?xml version="1.0" encoding="UTF-8"?>
<!-- Generated by org.testng.reporters.JUnitReportReporter -->
<testsuite hostname="E5530-2340" name="com.test1.tests.TestSuccessfulClientCreationDBCheck" tests="2" failures="0" timestamp="30 Jun 2016 17:05:58 GMT" time="55.363" errors="0">
  <testcase name="testSuccessfulNewClientCreationDBcheck" time="27.224" classname="com.test1.tests.TestSuccessfulClientCreationDBCheck"/>
  <testcase name="testSuccessfulNewClientCreationDBcheck" time="28.139" classname="com.test1.tests.TestSuccessfulClientCreationDBCheck"/>
</testsuite> <!-- com.test1.tests.TestSuccessfulClientCreationDBCheck -->
